{"C:\\Users\\karol\\Documents\\GitHub\\Receptu-Sandelys\\Receptu Sandelys\\src\\App.jsx": {"path":"C:\\Users\\karol\\Documents\\GitHub\\Receptu-Sandelys\\Receptu Sandelys\\src\\App.jsx","all":true,"statementMap":{"0":{"start":{"line":1,"column":0},"end":{"line":1,"column":19}},"1":{"start":{"line":2,"column":0},"end":{"line":2,"column":49}},"2":{"start":{"line":3,"column":0},"end":{"line":3,"column":55}},"3":{"start":{"line":4,"column":0},"end":{"line":4,"column":51}},"4":{"start":{"line":5,"column":0},"end":{"line":5,"column":45}},"5":{"start":{"line":6,"column":0},"end":{"line":6,"column":67}},"6":{"start":{"line":7,"column":0},"end":{"line":7,"column":47}},"7":{"start":{"line":8,"column":0},"end":{"line":8,"column":67}},"8":{"start":{"line":9,"column":0},"end":{"line":9,"column":0}},"9":{"start":{"line":10,"column":0},"end":{"line":10,"column":16}},"10":{"start":{"line":11,"column":0},"end":{"line":11,"column":0}},"11":{"start":{"line":12,"column":0},"end":{"line":12,"column":10}},"12":{"start":{"line":13,"column":0},"end":{"line":13,"column":6}},"13":{"start":{"line":14,"column":0},"end":{"line":14,"column":16}},"14":{"start":{"line":15,"column":0},"end":{"line":15,"column":41}},"15":{"start":{"line":16,"column":0},"end":{"line":16,"column":19}},"16":{"start":{"line":17,"column":0},"end":{"line":17,"column":36}},"17":{"start":{"line":18,"column":0},"end":{"line":18,"column":32}},"18":{"start":{"line":19,"column":0},"end":{"line":19,"column":14}},"19":{"start":{"line":20,"column":0},"end":{"line":20,"column":12}},"20":{"start":{"line":21,"column":0},"end":{"line":21,"column":7}},"21":{"start":{"line":22,"column":0},"end":{"line":22,"column":4}},"22":{"start":{"line":23,"column":0},"end":{"line":23,"column":1}},"23":{"start":{"line":24,"column":0},"end":{"line":24,"column":0}},"24":{"start":{"line":25,"column":0},"end":{"line":25,"column":19}}},"s":{"0":0,"1":0,"2":0,"3":0,"4":0,"5":0,"6":0,"7":0,"8":0,"9":0,"10":0,"11":0,"12":0,"13":0,"14":0,"15":0,"16":0,"17":0,"18":0,"19":0,"20":0,"21":0,"22":0,"23":0,"24":0},"branchMap":{"0":{"type":"branch","line":1,"loc":{"start":{"line":1,"column":0},"end":{"line":25,"column":19}},"locations":[{"start":{"line":1,"column":0},"end":{"line":25,"column":19}}]}},"b":{"0":[0]},"fnMap":{"0":{"name":"(empty-report)","decl":{"start":{"line":1,"column":0},"end":{"line":25,"column":19}},"loc":{"start":{"line":1,"column":0},"end":{"line":25,"column":19}},"line":1}},"f":{"0":0}}
,"C:\\Users\\karol\\Documents\\GitHub\\Receptu-Sandelys\\Receptu Sandelys\\src\\main.jsx": {"path":"C:\\Users\\karol\\Documents\\GitHub\\Receptu-Sandelys\\Receptu Sandelys\\src\\main.jsx","all":true,"statementMap":{"0":{"start":{"line":1,"column":0},"end":{"line":1,"column":34}},"1":{"start":{"line":2,"column":0},"end":{"line":2,"column":45}},"2":{"start":{"line":3,"column":0},"end":{"line":3,"column":20}},"3":{"start":{"line":4,"column":0},"end":{"line":4,"column":27}},"4":{"start":{"line":5,"column":0},"end":{"line":5,"column":0}},"5":{"start":{"line":6,"column":0},"end":{"line":6,"column":51}},"6":{"start":{"line":7,"column":0},"end":{"line":7,"column":14}},"7":{"start":{"line":8,"column":0},"end":{"line":8,"column":11}},"8":{"start":{"line":9,"column":0},"end":{"line":9,"column":16}},"9":{"start":{"line":10,"column":0},"end":{"line":10,"column":1}}},"s":{"0":0,"1":0,"2":0,"3":0,"4":0,"5":0,"6":0,"7":0,"8":0,"9":0},"branchMap":{"0":{"type":"branch","line":1,"loc":{"start":{"line":1,"column":0},"end":{"line":10,"column":1}},"locations":[{"start":{"line":1,"column":0},"end":{"line":10,"column":1}}]}},"b":{"0":[0]},"fnMap":{"0":{"name":"(empty-report)","decl":{"start":{"line":1,"column":0},"end":{"line":10,"column":1}},"loc":{"start":{"line":1,"column":0},"end":{"line":10,"column":1}},"line":1}},"f":{"0":0}}
,"C:\\Users\\karol\\Documents\\GitHub\\Receptu-Sandelys\\Receptu Sandelys\\src\\components\\CheckBox.jsx": {"path":"C:\\Users\\karol\\Documents\\GitHub\\Receptu-Sandelys\\Receptu Sandelys\\src\\components\\CheckBox.jsx","all":false,"statementMap":{"0":{"start":{"line":1,"column":0},"end":{"line":1,"column":26}},"2":{"start":{"line":3,"column":0},"end":{"line":3,"column":75}},"3":{"start":{"line":4,"column":0},"end":{"line":4,"column":39}},"4":{"start":{"line":5,"column":0},"end":{"line":5,"column":39}},"6":{"start":{"line":7,"column":0},"end":{"line":7,"column":52}},"7":{"start":{"line":8,"column":0},"end":{"line":8,"column":37}},"8":{"start":{"line":9,"column":0},"end":{"line":9,"column":16}},"9":{"start":{"line":10,"column":0},"end":{"line":10,"column":24}},"10":{"start":{"line":11,"column":0},"end":{"line":11,"column":10}},"11":{"start":{"line":12,"column":0},"end":{"line":12,"column":12}},"12":{"start":{"line":13,"column":0},"end":{"line":13,"column":37}},"13":{"start":{"line":14,"column":0},"end":{"line":14,"column":16}},"14":{"start":{"line":15,"column":0},"end":{"line":15,"column":25}},"15":{"start":{"line":16,"column":0},"end":{"line":16,"column":36}},"16":{"start":{"line":17,"column":0},"end":{"line":17,"column":58}},"17":{"start":{"line":18,"column":0},"end":{"line":18,"column":10}},"18":{"start":{"line":19,"column":0},"end":{"line":19,"column":5}},"19":{"start":{"line":20,"column":0},"end":{"line":20,"column":4}},"21":{"start":{"line":22,"column":0},"end":{"line":22,"column":10}},"22":{"start":{"line":23,"column":0},"end":{"line":23,"column":50}},"23":{"start":{"line":24,"column":0},"end":{"line":24,"column":76}},"25":{"start":{"line":26,"column":0},"end":{"line":26,"column":54}},"26":{"start":{"line":27,"column":0},"end":{"line":27,"column":51}},"27":{"start":{"line":28,"column":0},"end":{"line":28,"column":16}},"28":{"start":{"line":29,"column":0},"end":{"line":29,"column":27}},"29":{"start":{"line":30,"column":0},"end":{"line":30,"column":24}},"30":{"start":{"line":31,"column":0},"end":{"line":31,"column":43}},"31":{"start":{"line":32,"column":0},"end":{"line":32,"column":43}},"32":{"start":{"line":33,"column":0},"end":{"line":33,"column":12}},"34":{"start":{"line":35,"column":0},"end":{"line":35,"column":16}},"35":{"start":{"line":36,"column":0},"end":{"line":36,"column":51}},"36":{"start":{"line":37,"column":0},"end":{"line":37,"column":16}},"37":{"start":{"line":38,"column":0},"end":{"line":38,"column":27}},"38":{"start":{"line":39,"column":0},"end":{"line":39,"column":29}},"39":{"start":{"line":40,"column":0},"end":{"line":40,"column":48}},"40":{"start":{"line":41,"column":0},"end":{"line":41,"column":43}},"41":{"start":{"line":42,"column":0},"end":{"line":42,"column":12}},"43":{"start":{"line":44,"column":0},"end":{"line":44,"column":16}},"44":{"start":{"line":45,"column":0},"end":{"line":45,"column":12}},"46":{"start":{"line":47,"column":0},"end":{"line":47,"column":65}},"48":{"start":{"line":49,"column":0},"end":{"line":49,"column":59}},"49":{"start":{"line":50,"column":0},"end":{"line":50,"column":75}},"50":{"start":{"line":51,"column":0},"end":{"line":51,"column":64}},"51":{"start":{"line":52,"column":0},"end":{"line":52,"column":18}},"52":{"start":{"line":53,"column":0},"end":{"line":53,"column":29}},"53":{"start":{"line":54,"column":0},"end":{"line":54,"column":25}},"54":{"start":{"line":55,"column":0},"end":{"line":55,"column":63}},"55":{"start":{"line":56,"column":0},"end":{"line":56,"column":45}},"56":{"start":{"line":57,"column":0},"end":{"line":57,"column":14}},"57":{"start":{"line":58,"column":0},"end":{"line":58,"column":58}},"58":{"start":{"line":59,"column":0},"end":{"line":59,"column":18}},"59":{"start":{"line":60,"column":0},"end":{"line":60,"column":11}},"60":{"start":{"line":61,"column":0},"end":{"line":61,"column":12}},"61":{"start":{"line":62,"column":0},"end":{"line":62,"column":10}},"63":{"start":{"line":64,"column":0},"end":{"line":64,"column":2}},"65":{"start":{"line":66,"column":0},"end":{"line":66,"column":36}}},"s":{"0":1,"2":1,"3":13,"4":3,"6":3,"7":1,"8":0,"9":0,"10":1,"11":3,"12":2,"13":0,"14":0,"15":0,"16":0,"17":2,"18":2,"19":3,"21":13,"22":13,"23":13,"25":13,"26":13,"27":13,"28":13,"29":13,"30":13,"31":13,"32":13,"34":13,"35":13,"36":13,"37":13,"38":13,"39":13,"40":13,"41":13,"43":13,"44":13,"46":13,"48":13,"49":13,"50":52,"51":52,"52":52,"53":52,"54":52,"55":52,"56":52,"57":52,"58":52,"59":13,"60":13,"61":13,"63":13,"65":1},"branchMap":{"0":{"type":"branch","line":3,"loc":{"start":{"line":3,"column":29},"end":{"line":64,"column":2}},"locations":[{"start":{"line":3,"column":29},"end":{"line":64,"column":2}}]},"1":{"type":"branch","line":4,"loc":{"start":{"line":4,"column":31},"end":{"line":20,"column":4}},"locations":[{"start":{"line":4,"column":31},"end":{"line":20,"column":4}}]},"2":{"type":"branch","line":7,"loc":{"start":{"line":7,"column":17},"end":{"line":7,"column":51}},"locations":[{"start":{"line":7,"column":17},"end":{"line":7,"column":51}}]},"3":{"type":"branch","line":7,"loc":{"start":{"line":7,"column":51},"end":{"line":12,"column":11}},"locations":[{"start":{"line":7,"column":51},"end":{"line":12,"column":11}}]},"4":{"type":"branch","line":12,"loc":{"start":{"line":12,"column":4},"end":{"line":19,"column":5}},"locations":[{"start":{"line":12,"column":4},"end":{"line":19,"column":5}}]},"5":{"type":"branch","line":50,"loc":{"start":{"line":50,"column":64},"end":{"line":59,"column":18}},"locations":[{"start":{"line":50,"column":64},"end":{"line":59,"column":18}}]}},"b":{"0":[13],"1":[3],"2":[2],"3":[1],"4":[2],"5":[52]},"fnMap":{"0":{"name":"FilterRecipeCheckbox","decl":{"start":{"line":3,"column":29},"end":{"line":64,"column":2}},"loc":{"start":{"line":3,"column":29},"end":{"line":64,"column":2}},"line":3},"1":{"name":"handleCheckboxChange","decl":{"start":{"line":4,"column":31},"end":{"line":20,"column":4}},"loc":{"start":{"line":4,"column":31},"end":{"line":20,"column":4}},"line":4}},"f":{"0":13,"1":3}}
,"C:\\Users\\karol\\Documents\\GitHub\\Receptu-Sandelys\\Receptu Sandelys\\src\\components\\Filter_Recipe_Slider.jsx": {"path":"C:\\Users\\karol\\Documents\\GitHub\\Receptu-Sandelys\\Receptu Sandelys\\src\\components\\Filter_Recipe_Slider.jsx","all":false,"statementMap":{"0":{"start":{"line":1,"column":0},"end":{"line":1,"column":26}},"1":{"start":{"line":2,"column":0},"end":{"line":2,"column":36}},"3":{"start":{"line":4,"column":0},"end":{"line":4,"column":66}},"4":{"start":{"line":5,"column":0},"end":{"line":5,"column":69}},"5":{"start":{"line":6,"column":0},"end":{"line":6,"column":74}},"7":{"start":{"line":8,"column":0},"end":{"line":8,"column":10}},"8":{"start":{"line":9,"column":0},"end":{"line":9,"column":38}},"9":{"start":{"line":10,"column":0},"end":{"line":10,"column":47}},"10":{"start":{"line":11,"column":0},"end":{"line":11,"column":47}},"11":{"start":{"line":12,"column":0},"end":{"line":12,"column":53}},"12":{"start":{"line":13,"column":0},"end":{"line":13,"column":83}},"14":{"start":{"line":15,"column":0},"end":{"line":15,"column":16}},"15":{"start":{"line":16,"column":0},"end":{"line":16,"column":20}},"16":{"start":{"line":17,"column":0},"end":{"line":17,"column":32}},"17":{"start":{"line":18,"column":0},"end":{"line":18,"column":32}},"18":{"start":{"line":19,"column":0},"end":{"line":19,"column":38}},"19":{"start":{"line":20,"column":0},"end":{"line":20,"column":62}},"20":{"start":{"line":21,"column":0},"end":{"line":21,"column":51}},"21":{"start":{"line":22,"column":0},"end":{"line":22,"column":18}},"22":{"start":{"line":23,"column":0},"end":{"line":23,"column":26}},"23":{"start":{"line":24,"column":0},"end":{"line":24,"column":77}},"25":{"start":{"line":26,"column":0},"end":{"line":26,"column":26}},"26":{"start":{"line":27,"column":0},"end":{"line":27,"column":20}},"28":{"start":{"line":29,"column":0},"end":{"line":29,"column":41}},"29":{"start":{"line":30,"column":0},"end":{"line":30,"column":18}},"30":{"start":{"line":31,"column":0},"end":{"line":31,"column":26}},"31":{"start":{"line":32,"column":0},"end":{"line":32,"column":70}},"32":{"start":{"line":33,"column":0},"end":{"line":33,"column":16}},"34":{"start":{"line":35,"column":0},"end":{"line":35,"column":12}},"36":{"start":{"line":37,"column":0},"end":{"line":37,"column":64}},"37":{"start":{"line":38,"column":0},"end":{"line":38,"column":59}},"38":{"start":{"line":39,"column":0},"end":{"line":39,"column":14}},"39":{"start":{"line":40,"column":0},"end":{"line":40,"column":14}},"40":{"start":{"line":41,"column":0},"end":{"line":41,"column":9}},"41":{"start":{"line":42,"column":0},"end":{"line":42,"column":10}},"43":{"start":{"line":44,"column":0},"end":{"line":44,"column":2}},"45":{"start":{"line":46,"column":0},"end":{"line":46,"column":34}}},"s":{"0":1,"1":1,"3":1,"4":14,"5":14,"7":14,"8":14,"9":14,"10":14,"11":56,"12":56,"14":56,"15":56,"16":56,"17":56,"18":56,"19":56,"20":56,"21":57,"22":57,"23":57,"25":57,"26":57,"28":56,"29":114,"30":114,"31":114,"32":114,"34":56,"36":56,"37":56,"38":56,"39":56,"40":14,"41":14,"43":14,"45":1},"branchMap":{"0":{"type":"branch","line":4,"loc":{"start":{"line":4,"column":27},"end":{"line":44,"column":2}},"locations":[{"start":{"line":4,"column":27},"end":{"line":44,"column":2}}]},"1":{"type":"branch","line":11,"loc":{"start":{"line":11,"column":37},"end":{"line":40,"column":14}},"locations":[{"start":{"line":11,"column":37},"end":{"line":40,"column":14}}]},"2":{"type":"branch","line":20,"loc":{"start":{"line":20,"column":22},"end":{"line":20,"column":62}},"locations":[{"start":{"line":20,"column":22},"end":{"line":20,"column":62}}]},"3":{"type":"branch","line":21,"loc":{"start":{"line":21,"column":25},"end":{"line":27,"column":20}},"locations":[{"start":{"line":21,"column":25},"end":{"line":27,"column":20}}]},"4":{"type":"branch","line":29,"loc":{"start":{"line":29,"column":25},"end":{"line":33,"column":16}},"locations":[{"start":{"line":29,"column":25},"end":{"line":33,"column":16}}]}},"b":{"0":[14],"1":[56],"2":[1],"3":[57],"4":[114]},"fnMap":{"0":{"name":"FilterRecipeSlider","decl":{"start":{"line":4,"column":27},"end":{"line":44,"column":2}},"loc":{"start":{"line":4,"column":27},"end":{"line":44,"column":2}},"line":4},"1":{"name":"onChange","decl":{"start":{"line":20,"column":22},"end":{"line":20,"column":62}},"loc":{"start":{"line":20,"column":22},"end":{"line":20,"column":62}},"line":20},"2":{"name":"renderTrack","decl":{"start":{"line":21,"column":25},"end":{"line":27,"column":20}},"loc":{"start":{"line":21,"column":25},"end":{"line":27,"column":20}},"line":21},"3":{"name":"renderThumb","decl":{"start":{"line":29,"column":25},"end":{"line":33,"column":16}},"loc":{"start":{"line":29,"column":25},"end":{"line":33,"column":16}},"line":29}},"f":{"0":14,"1":1,"2":57,"3":114}}
,"C:\\Users\\karol\\Documents\\GitHub\\Receptu-Sandelys\\Receptu Sandelys\\src\\components\\Header.jsx": {"path":"C:\\Users\\karol\\Documents\\GitHub\\Receptu-Sandelys\\Receptu Sandelys\\src\\components\\Header.jsx","all":true,"statementMap":{"0":{"start":{"line":1,"column":0},"end":{"line":1,"column":26}},"1":{"start":{"line":2,"column":0},"end":{"line":2,"column":0}},"2":{"start":{"line":3,"column":0},"end":{"line":3,"column":22}},"3":{"start":{"line":4,"column":0},"end":{"line":4,"column":10}},"4":{"start":{"line":5,"column":0},"end":{"line":5,"column":56}},"5":{"start":{"line":6,"column":0},"end":{"line":6,"column":74}},"6":{"start":{"line":7,"column":0},"end":{"line":7,"column":76}},"7":{"start":{"line":8,"column":0},"end":{"line":8,"column":64}},"8":{"start":{"line":9,"column":0},"end":{"line":9,"column":12}},"9":{"start":{"line":10,"column":0},"end":{"line":10,"column":13}},"10":{"start":{"line":11,"column":0},"end":{"line":11,"column":4}},"11":{"start":{"line":12,"column":0},"end":{"line":12,"column":2}},"12":{"start":{"line":13,"column":0},"end":{"line":13,"column":0}},"13":{"start":{"line":14,"column":0},"end":{"line":14,"column":22}}},"s":{"0":0,"1":0,"2":0,"3":0,"4":0,"5":0,"6":0,"7":0,"8":0,"9":0,"10":0,"11":0,"12":0,"13":0},"branchMap":{"0":{"type":"branch","line":1,"loc":{"start":{"line":1,"column":0},"end":{"line":14,"column":22}},"locations":[{"start":{"line":1,"column":0},"end":{"line":14,"column":22}}]}},"b":{"0":[0]},"fnMap":{"0":{"name":"(empty-report)","decl":{"start":{"line":1,"column":0},"end":{"line":14,"column":22}},"loc":{"start":{"line":1,"column":0},"end":{"line":14,"column":22}},"line":1}},"f":{"0":0}}
,"C:\\Users\\karol\\Documents\\GitHub\\Receptu-Sandelys\\Receptu Sandelys\\src\\components\\Recipe_Name.jsx": {"path":"C:\\Users\\karol\\Documents\\GitHub\\Receptu-Sandelys\\Receptu Sandelys\\src\\components\\Recipe_Name.jsx","all":true,"statementMap":{"0":{"start":{"line":1,"column":0},"end":{"line":1,"column":22}},"1":{"start":{"line":2,"column":0},"end":{"line":2,"column":0}},"2":{"start":{"line":3,"column":0},"end":{"line":3,"column":27}},"3":{"start":{"line":4,"column":0},"end":{"line":4,"column":12}},"4":{"start":{"line":5,"column":0},"end":{"line":5,"column":13}},"5":{"start":{"line":6,"column":0},"end":{"line":6,"column":73}},"6":{"start":{"line":7,"column":0},"end":{"line":7,"column":79}},"7":{"start":{"line":8,"column":0},"end":{"line":8,"column":18}},"8":{"start":{"line":9,"column":0},"end":{"line":9,"column":55}},"9":{"start":{"line":10,"column":0},"end":{"line":10,"column":89}},"10":{"start":{"line":11,"column":0},"end":{"line":11,"column":14}},"11":{"start":{"line":12,"column":0},"end":{"line":12,"column":5}},"12":{"start":{"line":13,"column":0},"end":{"line":13,"column":1}},"13":{"start":{"line":14,"column":0},"end":{"line":14,"column":27}}},"s":{"0":0,"1":0,"2":0,"3":0,"4":0,"5":0,"6":0,"7":0,"8":0,"9":0,"10":0,"11":0,"12":0,"13":0},"branchMap":{"0":{"type":"branch","line":1,"loc":{"start":{"line":1,"column":0},"end":{"line":14,"column":27}},"locations":[{"start":{"line":1,"column":0},"end":{"line":14,"column":27}}]}},"b":{"0":[0]},"fnMap":{"0":{"name":"(empty-report)","decl":{"start":{"line":1,"column":0},"end":{"line":14,"column":27}},"loc":{"start":{"line":1,"column":0},"end":{"line":14,"column":27}},"line":1}},"f":{"0":0}}
,"C:\\Users\\karol\\Documents\\GitHub\\Receptu-Sandelys\\Receptu Sandelys\\src\\components\\SearchBar.jsx": {"path":"C:\\Users\\karol\\Documents\\GitHub\\Receptu-Sandelys\\Receptu Sandelys\\src\\components\\SearchBar.jsx","all":false,"statementMap":{"0":{"start":{"line":1,"column":0},"end":{"line":1,"column":26}},"2":{"start":{"line":3,"column":0},"end":{"line":3,"column":56}},"3":{"start":{"line":4,"column":0},"end":{"line":4,"column":10}},"4":{"start":{"line":5,"column":0},"end":{"line":5,"column":25}},"5":{"start":{"line":6,"column":0},"end":{"line":6,"column":86}},"6":{"start":{"line":7,"column":0},"end":{"line":7,"column":14}},"7":{"start":{"line":8,"column":0},"end":{"line":8,"column":21}},"8":{"start":{"line":9,"column":0},"end":{"line":9,"column":29}},"9":{"start":{"line":10,"column":0},"end":{"line":10,"column":58}},"10":{"start":{"line":11,"column":0},"end":{"line":11,"column":73}},"11":{"start":{"line":12,"column":0},"end":{"line":12,"column":134}},"12":{"start":{"line":13,"column":0},"end":{"line":13,"column":12}},"13":{"start":{"line":14,"column":0},"end":{"line":14,"column":13}},"14":{"start":{"line":15,"column":0},"end":{"line":15,"column":10}},"16":{"start":{"line":17,"column":0},"end":{"line":17,"column":2}},"18":{"start":{"line":19,"column":0},"end":{"line":19,"column":25}}},"s":{"0":1,"2":1,"3":8,"4":8,"5":8,"6":8,"7":8,"8":8,"9":8,"10":8,"11":8,"12":8,"13":8,"14":8,"16":8,"18":1},"branchMap":{"0":{"type":"branch","line":3,"loc":{"start":{"line":3,"column":18},"end":{"line":17,"column":2}},"locations":[{"start":{"line":3,"column":18},"end":{"line":17,"column":2}}]},"1":{"type":"branch","line":10,"loc":{"start":{"line":10,"column":20},"end":{"line":10,"column":58}},"locations":[{"start":{"line":10,"column":20},"end":{"line":10,"column":58}}]}},"b":{"0":[8],"1":[2]},"fnMap":{"0":{"name":"SearchBar","decl":{"start":{"line":3,"column":18},"end":{"line":17,"column":2}},"loc":{"start":{"line":3,"column":18},"end":{"line":17,"column":2}},"line":3},"1":{"name":"onSubmit","decl":{"start":{"line":6,"column":22},"end":{"line":6,"column":49}},"loc":{"start":{"line":6,"column":22},"end":{"line":6,"column":49}},"line":6},"2":{"name":"onChange","decl":{"start":{"line":10,"column":20},"end":{"line":10,"column":58}},"loc":{"start":{"line":10,"column":20},"end":{"line":10,"column":58}},"line":10}},"f":{"0":8,"1":0,"2":2}}
,"C:\\Users\\karol\\Documents\\GitHub\\Receptu-Sandelys\\Receptu Sandelys\\src\\components\\Sidebar.jsx": {"path":"C:\\Users\\karol\\Documents\\GitHub\\Receptu-Sandelys\\Receptu Sandelys\\src\\components\\Sidebar.jsx","all":false,"statementMap":{"0":{"start":{"line":1,"column":0},"end":{"line":1,"column":26}},"2":{"start":{"line":3,"column":0},"end":{"line":3,"column":23}},"3":{"start":{"line":4,"column":0},"end":{"line":4,"column":10}},"4":{"start":{"line":5,"column":0},"end":{"line":5,"column":44}},"5":{"start":{"line":6,"column":0},"end":{"line":6,"column":63}},"6":{"start":{"line":7,"column":0},"end":{"line":7,"column":12}},"8":{"start":{"line":9,"column":0},"end":{"line":9,"column":2}},"10":{"start":{"line":11,"column":0},"end":{"line":11,"column":23}}},"s":{"0":1,"2":1,"3":12,"4":12,"5":12,"6":12,"8":12,"10":1},"branchMap":{"0":{"type":"branch","line":3,"loc":{"start":{"line":3,"column":16},"end":{"line":9,"column":2}},"locations":[{"start":{"line":3,"column":16},"end":{"line":9,"column":2}}]}},"b":{"0":[12]},"fnMap":{"0":{"name":"Sidebar","decl":{"start":{"line":3,"column":16},"end":{"line":9,"column":2}},"loc":{"start":{"line":3,"column":16},"end":{"line":9,"column":2}},"line":3}},"f":{"0":12}}
,"C:\\Users\\karol\\Documents\\GitHub\\Receptu-Sandelys\\Receptu Sandelys\\src\\components\\UnifiedRecipeSearch.jsx": {"path":"C:\\Users\\karol\\Documents\\GitHub\\Receptu-Sandelys\\Receptu Sandelys\\src\\components\\UnifiedRecipeSearch.jsx","all":false,"statementMap":{"0":{"start":{"line":1,"column":0},"end":{"line":1,"column":40}},"1":{"start":{"line":2,"column":0},"end":{"line":2,"column":56}},"2":{"start":{"line":3,"column":0},"end":{"line":3,"column":46}},"3":{"start":{"line":4,"column":0},"end":{"line":4,"column":36}},"4":{"start":{"line":5,"column":0},"end":{"line":5,"column":26}},"6":{"start":{"line":7,"column":0},"end":{"line":7,"column":35}},"7":{"start":{"line":8,"column":0},"end":{"line":8,"column":53}},"8":{"start":{"line":9,"column":0},"end":{"line":9,"column":52}},"9":{"start":{"line":10,"column":0},"end":{"line":10,"column":21}},"10":{"start":{"line":11,"column":0},"end":{"line":11,"column":23}},"11":{"start":{"line":12,"column":0},"end":{"line":12,"column":24}},"12":{"start":{"line":13,"column":0},"end":{"line":13,"column":18}},"13":{"start":{"line":14,"column":0},"end":{"line":14,"column":5}},"15":{"start":{"line":16,"column":0},"end":{"line":16,"column":58}},"16":{"start":{"line":17,"column":0},"end":{"line":17,"column":17}},"17":{"start":{"line":18,"column":0},"end":{"line":18,"column":22}},"18":{"start":{"line":19,"column":0},"end":{"line":19,"column":17}},"19":{"start":{"line":20,"column":0},"end":{"line":20,"column":5}},"21":{"start":{"line":22,"column":0},"end":{"line":22,"column":45}},"22":{"start":{"line":23,"column":0},"end":{"line":23,"column":48}},"24":{"start":{"line":25,"column":0},"end":{"line":25,"column":47}},"25":{"start":{"line":26,"column":0},"end":{"line":26,"column":60}},"26":{"start":{"line":27,"column":0},"end":{"line":27,"column":4}},"29":{"start":{"line":30,"column":0},"end":{"line":30,"column":36}},"30":{"start":{"line":31,"column":0},"end":{"line":31,"column":21}},"31":{"start":{"line":32,"column":0},"end":{"line":32,"column":9}},"32":{"start":{"line":33,"column":0},"end":{"line":33,"column":63}},"33":{"start":{"line":34,"column":0},"end":{"line":34,"column":46}},"34":{"start":{"line":35,"column":0},"end":{"line":35,"column":19}},"35":{"start":{"line":36,"column":0},"end":{"line":36,"column":29}},"36":{"start":{"line":37,"column":0},"end":{"line":37,"column":20}},"38":{"start":{"line":39,"column":0},"end":{"line":39,"column":39}},"39":{"start":{"line":40,"column":0},"end":{"line":40,"column":60}},"40":{"start":{"line":41,"column":0},"end":{"line":41,"column":9}},"41":{"start":{"line":42,"column":0},"end":{"line":42,"column":19}},"42":{"start":{"line":43,"column":0},"end":{"line":43,"column":79}},"43":{"start":{"line":44,"column":0},"end":{"line":44,"column":44}},"44":{"start":{"line":45,"column":0},"end":{"line":45,"column":44}},"45":{"start":{"line":46,"column":0},"end":{"line":46,"column":48}},"46":{"start":{"line":47,"column":0},"end":{"line":47,"column":48}},"47":{"start":{"line":48,"column":0},"end":{"line":48,"column":50}},"48":{"start":{"line":49,"column":0},"end":{"line":49,"column":50}},"49":{"start":{"line":50,"column":0},"end":{"line":50,"column":40}},"50":{"start":{"line":51,"column":0},"end":{"line":51,"column":40}},"51":{"start":{"line":52,"column":0},"end":{"line":52,"column":39}},"52":{"start":{"line":53,"column":0},"end":{"line":53,"column":23}},"53":{"start":{"line":54,"column":0},"end":{"line":54,"column":42}},"54":{"start":{"line":55,"column":0},"end":{"line":55,"column":28}},"55":{"start":{"line":56,"column":0},"end":{"line":56,"column":26}},"56":{"start":{"line":57,"column":0},"end":{"line":57,"column":66}},"57":{"start":{"line":58,"column":0},"end":{"line":58,"column":22}},"58":{"start":{"line":59,"column":0},"end":{"line":59,"column":19}},"59":{"start":{"line":60,"column":0},"end":{"line":60,"column":12}},"60":{"start":{"line":61,"column":0},"end":{"line":61,"column":9}},"61":{"start":{"line":62,"column":0},"end":{"line":62,"column":8}},"63":{"start":{"line":64,"column":0},"end":{"line":64,"column":46}},"64":{"start":{"line":65,"column":0},"end":{"line":65,"column":21}},"65":{"start":{"line":66,"column":0},"end":{"line":66,"column":41}},"66":{"start":{"line":67,"column":0},"end":{"line":67,"column":67}},"67":{"start":{"line":68,"column":0},"end":{"line":68,"column":15}},"68":{"start":{"line":69,"column":0},"end":{"line":69,"column":24}},"69":{"start":{"line":70,"column":0},"end":{"line":70,"column":5}},"70":{"start":{"line":71,"column":0},"end":{"line":71,"column":4}},"72":{"start":{"line":73,"column":0},"end":{"line":73,"column":10}},"73":{"start":{"line":74,"column":0},"end":{"line":74,"column":38}},"74":{"start":{"line":75,"column":0},"end":{"line":75,"column":53}},"76":{"start":{"line":77,"column":0},"end":{"line":77,"column":77}},"78":{"start":{"line":79,"column":0},"end":{"line":79,"column":25}},"79":{"start":{"line":80,"column":0},"end":{"line":80,"column":35}},"80":{"start":{"line":81,"column":0},"end":{"line":81,"column":43}},"81":{"start":{"line":82,"column":0},"end":{"line":82,"column":8}},"83":{"start":{"line":84,"column":0},"end":{"line":84,"column":27}},"84":{"start":{"line":85,"column":0},"end":{"line":85,"column":41}},"85":{"start":{"line":86,"column":0},"end":{"line":86,"column":47}},"86":{"start":{"line":87,"column":0},"end":{"line":87,"column":8}},"88":{"start":{"line":89,"column":0},"end":{"line":89,"column":40}},"89":{"start":{"line":90,"column":0},"end":{"line":90,"column":66}},"90":{"start":{"line":91,"column":0},"end":{"line":91,"column":51}},"91":{"start":{"line":92,"column":0},"end":{"line":92,"column":17}},"92":{"start":{"line":93,"column":0},"end":{"line":93,"column":12}},"94":{"start":{"line":95,"column":0},"end":{"line":95,"column":64}},"95":{"start":{"line":96,"column":0},"end":{"line":96,"column":18}},"96":{"start":{"line":97,"column":0},"end":{"line":97,"column":50}},"97":{"start":{"line":98,"column":0},"end":{"line":98,"column":30}},"98":{"start":{"line":99,"column":0},"end":{"line":99,"column":79}},"99":{"start":{"line":100,"column":0},"end":{"line":100,"column":34}},"100":{"start":{"line":101,"column":0},"end":{"line":101,"column":12}},"101":{"start":{"line":102,"column":0},"end":{"line":102,"column":27}},"102":{"start":{"line":103,"column":0},"end":{"line":103,"column":69}},"104":{"start":{"line":105,"column":0},"end":{"line":105,"column":16}},"105":{"start":{"line":106,"column":0},"end":{"line":106,"column":32}},"106":{"start":{"line":107,"column":0},"end":{"line":107,"column":32}},"107":{"start":{"line":108,"column":0},"end":{"line":108,"column":66}},"108":{"start":{"line":109,"column":0},"end":{"line":109,"column":10}},"109":{"start":{"line":110,"column":0},"end":{"line":110,"column":65}},"110":{"start":{"line":111,"column":0},"end":{"line":111,"column":12}},"111":{"start":{"line":112,"column":0},"end":{"line":112,"column":7}},"112":{"start":{"line":113,"column":0},"end":{"line":113,"column":8}},"114":{"start":{"line":115,"column":0},"end":{"line":115,"column":49}},"116":{"start":{"line":117,"column":0},"end":{"line":117,"column":10}},"118":{"start":{"line":119,"column":0},"end":{"line":119,"column":2}},"120":{"start":{"line":121,"column":0},"end":{"line":121,"column":35}}},"s":{"0":1,"1":1,"2":1,"3":1,"4":1,"6":1,"7":8,"8":8,"9":8,"10":8,"11":8,"12":8,"13":8,"15":8,"16":8,"17":8,"18":8,"19":8,"21":8,"22":8,"24":8,"25":0,"26":0,"29":8,"30":2,"31":2,"32":2,"33":2,"34":2,"35":2,"36":2,"38":2,"39":2,"40":2,"41":2,"42":2,"43":2,"44":2,"45":2,"46":2,"47":2,"48":2,"49":2,"50":2,"51":2,"52":0,"53":2,"54":0,"55":2,"56":2,"57":2,"58":2,"59":2,"60":2,"61":2,"63":2,"64":2,"65":0,"66":0,"67":2,"68":2,"69":2,"70":2,"72":8,"73":8,"74":8,"76":8,"78":8,"79":8,"80":8,"81":8,"83":8,"84":8,"85":8,"86":8,"88":8,"89":8,"90":8,"91":8,"92":8,"94":8,"95":8,"96":2,"97":6,"98":1,"99":1,"100":2,"101":2,"102":2,"104":2,"105":2,"106":2,"107":2,"108":2,"109":2,"110":2,"111":1,"112":1,"114":5,"116":8,"118":8,"120":1},"branchMap":{"0":{"type":"branch","line":7,"loc":{"start":{"line":7,"column":28},"end":{"line":119,"column":2}},"locations":[{"start":{"line":7,"column":28},"end":{"line":119,"column":2}}]},"1":{"type":"branch","line":91,"loc":{"start":{"line":91,"column":11},"end":{"line":91,"column":36}},"locations":[{"start":{"line":91,"column":11},"end":{"line":91,"column":36}}]},"2":{"type":"branch","line":91,"loc":{"start":{"line":91,"column":21},"end":{"line":91,"column":51}},"locations":[{"start":{"line":91,"column":21},"end":{"line":91,"column":51}}]},"3":{"type":"branch","line":96,"loc":{"start":{"line":96,"column":7},"end":{"line":97,"column":50}},"locations":[{"start":{"line":96,"column":7},"end":{"line":97,"column":50}}]},"4":{"type":"branch","line":97,"loc":{"start":{"line":97,"column":46},"end":{"line":115,"column":49}},"locations":[{"start":{"line":97,"column":46},"end":{"line":115,"column":49}}]},"5":{"type":"branch","line":98,"loc":{"start":{"line":98,"column":25},"end":{"line":113,"column":8}},"locations":[{"start":{"line":98,"column":25},"end":{"line":113,"column":8}}]},"6":{"type":"branch","line":113,"loc":{"start":{"line":113,"column":2},"end":{"line":115,"column":49}},"locations":[{"start":{"line":113,"column":2},"end":{"line":115,"column":49}}]},"7":{"type":"branch","line":30,"loc":{"start":{"line":30,"column":23},"end":{"line":71,"column":4}},"locations":[{"start":{"line":30,"column":23},"end":{"line":71,"column":4}}]},"8":{"type":"branch","line":43,"loc":{"start":{"line":43,"column":46},"end":{"line":43,"column":79}},"locations":[{"start":{"line":43,"column":46},"end":{"line":43,"column":79}}]},"9":{"type":"branch","line":52,"loc":{"start":{"line":52,"column":34},"end":{"line":53,"column":23}},"locations":[{"start":{"line":52,"column":34},"end":{"line":53,"column":23}}]},"10":{"type":"branch","line":54,"loc":{"start":{"line":54,"column":32},"end":{"line":55,"column":28}},"locations":[{"start":{"line":54,"column":32},"end":{"line":55,"column":28}}]},"11":{"type":"branch","line":64,"loc":{"start":{"line":64,"column":31},"end":{"line":64,"column":44}},"locations":[{"start":{"line":64,"column":31},"end":{"line":64,"column":44}}]},"12":{"type":"branch","line":65,"loc":{"start":{"line":65,"column":4},"end":{"line":68,"column":6}},"locations":[{"start":{"line":65,"column":4},"end":{"line":68,"column":6}}]},"13":{"type":"branch","line":36,"loc":{"start":{"line":36,"column":13},"end":{"line":36,"column":28}},"locations":[{"start":{"line":36,"column":13},"end":{"line":36,"column":28}}]},"14":{"type":"branch","line":100,"loc":{"start":{"line":100,"column":21},"end":{"line":111,"column":12}},"locations":[{"start":{"line":100,"column":21},"end":{"line":111,"column":12}}]}},"b":{"0":[8],"1":[2],"2":[6],"3":[2],"4":[6],"5":[1],"6":[5],"7":[2],"8":[0],"9":[0],"10":[0],"11":[0],"12":[0],"13":[2],"14":[2]},"fnMap":{"0":{"name":"UnifiedRecipeSearch","decl":{"start":{"line":7,"column":28},"end":{"line":119,"column":2}},"loc":{"start":{"line":7,"column":28},"end":{"line":119,"column":2}},"line":7},"1":{"name":"handleSliderChange","decl":{"start":{"line":25,"column":29},"end":{"line":27,"column":4}},"loc":{"start":{"line":25,"column":29},"end":{"line":27,"column":4}},"line":25},"2":{"name":"handleSearch","decl":{"start":{"line":30,"column":23},"end":{"line":71,"column":4}},"loc":{"start":{"line":30,"column":23},"end":{"line":71,"column":4}},"line":30}},"f":{"0":8,"1":0,"2":2}}
}
